  [1m[35m (410.0ms)[0m  [1m[35mCREATE DATABASE "ninetyninecats_development" ENCODING = 'unicode'[0m
  ↳ bin/rails:9
  [1m[35m (124.7ms)[0m  [1m[35mCREATE DATABASE "ninetyninecats_test" ENCODING = 'unicode'[0m
  ↳ bin/rails:9
  [1m[35m (32.8ms)[0m  [1m[35mCREATE TABLE "schema_migrations" ("version" character varying NOT NULL PRIMARY KEY)[0m
  ↳ bin/rails:9
  [1m[35m (51.3ms)[0m  [1m[35mCREATE TABLE "ar_internal_metadata" ("key" character varying NOT NULL PRIMARY KEY, "value" character varying, "created_at" timestamp NOT NULL, "updated_at" timestamp NOT NULL)[0m
  ↳ bin/rails:9
  [1m[35m (4.2ms)[0m  [1m[34mSELECT pg_try_advisory_lock(529538994070430190)[0m
  ↳ bin/rails:9
  [1m[35m (6.6ms)[0m  [1m[34mSELECT "schema_migrations"."version" FROM "schema_migrations" ORDER BY "schema_migrations"."version" ASC[0m
  ↳ bin/rails:9
Migrating to CreateCats (20220702151230)
  [1m[35m (0.2ms)[0m  [1m[35mBEGIN[0m
  ↳ bin/rails:9
  [1m[35m (65.7ms)[0m  [1m[35mCREATE TABLE "cats" ("id" bigserial primary key, "birth_date" date NOT NULL, "color" character varying NOT NULL, "name" character varying NOT NULL, "sex" character varying NOT NULL, "description" text NOT NULL, "created_at" timestamp NOT NULL, "updated_at" timestamp NOT NULL)[0m
  ↳ db/migrate/20220702151230_create_cats.rb:3
  [1m[35m (26.3ms)[0m  [1m[35mCREATE  INDEX  "index_cats_on_birth_date" ON "cats"  ("birth_date")[0m
  ↳ db/migrate/20220702151230_create_cats.rb:12
  [1m[35m (3.5ms)[0m  [1m[35mCREATE  INDEX  "index_cats_on_color" ON "cats"  ("color")[0m
  ↳ db/migrate/20220702151230_create_cats.rb:13
  [1m[35m (6.4ms)[0m  [1m[35mCREATE  INDEX  "index_cats_on_name" ON "cats"  ("name")[0m
  ↳ db/migrate/20220702151230_create_cats.rb:14
  [1m[35m (3.7ms)[0m  [1m[35mCREATE  INDEX  "index_cats_on_sex" ON "cats"  ("sex")[0m
  ↳ db/migrate/20220702151230_create_cats.rb:15
  [1m[35m (3.1ms)[0m  [1m[35mCREATE  INDEX  "index_cats_on_description" ON "cats"  ("description")[0m
  ↳ db/migrate/20220702151230_create_cats.rb:16
  [1m[36mActiveRecord::SchemaMigration Create (53.0ms)[0m  [1m[32mINSERT INTO "schema_migrations" ("version") VALUES ($1) RETURNING "version"[0m  [["version", "20220702151230"]]
  ↳ bin/rails:9
  [1m[35m (6.1ms)[0m  [1m[35mCOMMIT[0m
  ↳ bin/rails:9
  [1m[36mActiveRecord::InternalMetadata Load (0.8ms)[0m  [1m[34mSELECT  "ar_internal_metadata".* FROM "ar_internal_metadata" WHERE "ar_internal_metadata"."key" = $1 LIMIT $2[0m  [["key", "environment"], ["LIMIT", 1]]
  ↳ bin/rails:9
  [1m[35m (0.3ms)[0m  [1m[35mBEGIN[0m
  ↳ bin/rails:9
  [1m[36mActiveRecord::InternalMetadata Create (3.0ms)[0m  [1m[32mINSERT INTO "ar_internal_metadata" ("key", "value", "created_at", "updated_at") VALUES ($1, $2, $3, $4) RETURNING "key"[0m  [["key", "environment"], ["value", "development"], ["created_at", "2022-07-02 15:16:21.850390"], ["updated_at", "2022-07-02 15:16:21.850390"]]
  ↳ bin/rails:9
  [1m[35m (2.5ms)[0m  [1m[35mCOMMIT[0m
  ↳ bin/rails:9
  [1m[35m (0.4ms)[0m  [1m[34mSELECT pg_advisory_unlock(529538994070430190)[0m
  ↳ bin/rails:9
  [1m[35m (0.3ms)[0m  [1m[34mSELECT "schema_migrations"."version" FROM "schema_migrations" ORDER BY "schema_migrations"."version" ASC[0m
  ↳ bin/rails:9
  [1m[35m (0.2ms)[0m  [1m[34mSELECT pg_try_advisory_lock(529538994070430190)[0m
  ↳ bin/rails:9
  [1m[35m (0.8ms)[0m  [1m[34mSELECT "schema_migrations"."version" FROM "schema_migrations" ORDER BY "schema_migrations"."version" ASC[0m
  ↳ bin/rails:9
Migrating to UpdateSexColumn (20220702151845)
  [1m[35m (0.2ms)[0m  [1m[35mBEGIN[0m
  ↳ bin/rails:9
  [1m[35m (24.0ms)[0m  [1m[35mALTER TABLE "cats" DROP COLUMN "sex"[0m
  ↳ db/migrate/20220702151845_update_sex_column.rb:3
  [1m[35m (5.0ms)[0m  [1m[35mALTER TABLE "cats" ADD "sex" character varying(1) NOT NULL[0m
  ↳ db/migrate/20220702151845_update_sex_column.rb:5
  [1m[35m (10.0ms)[0m  [1m[35mCREATE  INDEX  "index_cats_on_sex" ON "cats"  ("sex")[0m
  ↳ db/migrate/20220702151845_update_sex_column.rb:6
  [1m[36mActiveRecord::SchemaMigration Create (4.9ms)[0m  [1m[32mINSERT INTO "schema_migrations" ("version") VALUES ($1) RETURNING "version"[0m  [["version", "20220702151845"]]
  ↳ bin/rails:9
  [1m[35m (61.6ms)[0m  [1m[35mCOMMIT[0m
  ↳ bin/rails:9
  [1m[36mActiveRecord::InternalMetadata Load (0.4ms)[0m  [1m[34mSELECT  "ar_internal_metadata".* FROM "ar_internal_metadata" WHERE "ar_internal_metadata"."key" = $1 LIMIT $2[0m  [["key", "environment"], ["LIMIT", 1]]
  ↳ bin/rails:9
  [1m[35m (0.2ms)[0m  [1m[35mBEGIN[0m
  ↳ bin/rails:9
  [1m[35m (0.2ms)[0m  [1m[35mCOMMIT[0m
  ↳ bin/rails:9
  [1m[35m (0.3ms)[0m  [1m[34mSELECT pg_advisory_unlock(529538994070430190)[0m
  ↳ bin/rails:9
  [1m[35m (0.4ms)[0m  [1m[34mSELECT "schema_migrations"."version" FROM "schema_migrations" ORDER BY "schema_migrations"."version" ASC[0m
  ↳ bin/rails:9
  [1m[35m (3.1ms)[0m  [1m[34mSELECT "schema_migrations"."version" FROM "schema_migrations" ORDER BY "schema_migrations"."version" ASC[0m
  ↳ bin/rails:9
  [1m[35m (0.2ms)[0m  [1m[35mBEGIN[0m
  ↳ db/seeds.rb:9
  [1m[36mCat Create (10.9ms)[0m  [1m[32mINSERT INTO "cats" ("birth_date", "color", "name", "description", "created_at", "updated_at", "sex") VALUES ($1, $2, $3, $4, $5, $6, $7) RETURNING "id"[0m  [["birth_date", "1932-05-23"], ["color", "Red"], ["name", "Chimmy"], ["description", "Chimmy Chimmy Chimmy!"], ["created_at", "2022-07-02 16:18:17.136970"], ["updated_at", "2022-07-02 16:18:17.136970"], ["sex", "M"]]
  ↳ db/seeds.rb:9
  [1m[35m (2.9ms)[0m  [1m[35mCOMMIT[0m
  ↳ db/seeds.rb:9
  [1m[35m (0.1ms)[0m  [1m[35mBEGIN[0m
  ↳ db/seeds.rb:10
  [1m[36mCat Create (0.4ms)[0m  [1m[32mINSERT INTO "cats" ("birth_date", "color", "name", "description", "created_at", "updated_at", "sex") VALUES ($1, $2, $3, $4, $5, $6, $7) RETURNING "id"[0m  [["birth_date", "1955-10-01"], ["color", "Brown"], ["name", "RJ"], ["description", "RJ is hungry!"], ["created_at", "2022-07-02 16:18:17.153373"], ["updated_at", "2022-07-02 16:18:17.153373"], ["sex", "M"]]
  ↳ db/seeds.rb:10
  [1m[35m (2.0ms)[0m  [1m[35mCOMMIT[0m
  ↳ db/seeds.rb:10
  [1m[35m (0.1ms)[0m  [1m[35mBEGIN[0m
  ↳ db/seeds.rb:11
  [1m[36mCat Create (0.3ms)[0m  [1m[32mINSERT INTO "cats" ("birth_date", "color", "name", "description", "created_at", "updated_at", "sex") VALUES ($1, $2, $3, $4, $5, $6, $7) RETURNING "id"[0m  [["birth_date", "1900-02-28"], ["color", "Green"], ["name", "Cooky"], ["description", "Cooky wants a cookie!"], ["created_at", "2022-07-02 16:18:17.162244"], ["updated_at", "2022-07-02 16:18:17.162244"], ["sex", "F"]]
  ↳ db/seeds.rb:11
  [1m[35m (2.0ms)[0m  [1m[35mCOMMIT[0m
  ↳ db/seeds.rb:11
  [1m[36mCat Load (3.2ms)[0m  [1m[34mSELECT "cats".* FROM "cats"[0m
Started GET "/cats" for ::1 at 2022-07-02 12:18:50 -0400
  [1m[35m (0.9ms)[0m  [1m[34mSELECT "schema_migrations"."version" FROM "schema_migrations" ORDER BY "schema_migrations"."version" ASC[0m
  ↳ /Users/Anthony/.rbenv/versions/2.5.1/lib/ruby/gems/2.5.0/gems/activerecord-5.2.8/lib/active_record/log_subscriber.rb:98

SyntaxError - syntax error, unexpected '}', expecting =>
...= Cat.find_by(id: {params[:id]})
...                              ^:
  app/controllers/cats_controller.rb:9:in `'

Started POST "/__better_errors/eac31b561758c31e/variables" for ::1 at 2022-07-02 12:18:50 -0400
Started GET "/" for ::1 at 2022-07-02 12:18:53 -0400
Processing by Rails::WelcomeController#index as HTML
  Rendering /Users/Anthony/.rbenv/versions/2.5.1/lib/ruby/gems/2.5.0/gems/railties-5.2.8/lib/rails/templates/rails/welcome/index.html.erb
  Rendered /Users/Anthony/.rbenv/versions/2.5.1/lib/ruby/gems/2.5.0/gems/railties-5.2.8/lib/rails/templates/rails/welcome/index.html.erb (6.4ms)
Completed 200 OK in 39ms (Views: 24.5ms | ActiveRecord: 0.0ms)


Started GET "/cats" for ::1 at 2022-07-02 12:18:55 -0400

SyntaxError - syntax error, unexpected '}', expecting =>
...= Cat.find_by(id: {params[:id]})
...                              ^:
  app/controllers/cats_controller.rb:9:in `'

Started POST "/__better_errors/0e49abe27e4b46a0/variables" for ::1 at 2022-07-02 12:18:56 -0400
Started GET "/cats" for ::1 at 2022-07-02 12:19:16 -0400

SyntaxError - syntax error, unexpected '}', expecting =>
...= Cat.find_by(id: {params[:id]})
...                              ^:
  app/controllers/cats_controller.rb:9:in `'

Started POST "/__better_errors/4162e4b8ef9f0efd/variables" for ::1 at 2022-07-02 12:19:16 -0400
Started GET "/cats" for ::1 at 2022-07-02 12:19:17 -0400

SyntaxError - syntax error, unexpected '}', expecting =>
...= Cat.find_by(id: {params[:id]})
...                              ^:
  app/controllers/cats_controller.rb:9:in `'

Started POST "/__better_errors/17e19286f7c60aee/variables" for ::1 at 2022-07-02 12:19:17 -0400
Started GET "/cats" for ::1 at 2022-07-02 12:19:53 -0400
Processing by CatsController#index as HTML
Completed 500 Internal Server Error in 15ms (ActiveRecord: 0.0ms)



ActionView::MissingTemplate - Missing template cats/index, application/index with {:locale=>[:en], :formats=>[:html], :variants=>[], :handlers=>[:raw, :erb, :html, :builder, :ruby, :coffee, :jbuilder]}. Searched in:
  * "/Users/Anthony/Desktop/App Academy/Week 6/W6D5/ninetyninecats/app/views":
  app/controllers/cats_controller.rb:5:in `index'

Started POST "/__better_errors/06681faf4fbc697d/variables" for ::1 at 2022-07-02 12:19:53 -0400
  [1m[36mCat Load (4.0ms)[0m  [1m[34mSELECT  "cats".* FROM "cats" LIMIT $1[0m  [["LIMIT", 11]]
  ↳ /Users/Anthony/.rbenv/versions/2.5.1/lib/ruby/gems/2.5.0/gems/activerecord-5.2.8/lib/active_record/log_subscriber.rb:98
Started GET "/cats" for ::1 at 2022-07-02 12:21:53 -0400
Processing by CatsController#index as HTML
Completed 500 Internal Server Error in 11ms (ActiveRecord: 0.0ms)



ActionView::MissingTemplate - Missing template cats/index, application/index with {:locale=>[:en], :formats=>[:html], :variants=>[], :handlers=>[:raw, :erb, :html, :builder, :ruby, :coffee, :jbuilder]}. Searched in:
  * "/Users/Anthony/Desktop/App Academy/Week 6/W6D5/ninetyninecats/app/views":
  app/controllers/cats_controller.rb:5:in `index'

Started POST "/__better_errors/11c83a9c7c88abf7/variables" for ::1 at 2022-07-02 12:21:53 -0400
  [1m[36mCat Load (1.0ms)[0m  [1m[34mSELECT  "cats".* FROM "cats" LIMIT $1[0m  [["LIMIT", 11]]
  ↳ /Users/Anthony/.rbenv/versions/2.5.1/lib/ruby/gems/2.5.0/gems/activerecord-5.2.8/lib/active_record/log_subscriber.rb:98
Started GET "/cats" for ::1 at 2022-07-02 12:21:54 -0400
Processing by CatsController#index as HTML
Completed 500 Internal Server Error in 6ms (ActiveRecord: 0.0ms)



ActionView::MissingTemplate - Missing template cats/index, application/index with {:locale=>[:en], :formats=>[:html], :variants=>[], :handlers=>[:raw, :erb, :html, :builder, :ruby, :coffee, :jbuilder]}. Searched in:
  * "/Users/Anthony/Desktop/App Academy/Week 6/W6D5/ninetyninecats/app/views":
  app/controllers/cats_controller.rb:5:in `index'

Started POST "/__better_errors/4b4ba4a4071cc1fb/variables" for ::1 at 2022-07-02 12:21:54 -0400
  [1m[36mCat Load (0.9ms)[0m  [1m[34mSELECT  "cats".* FROM "cats" LIMIT $1[0m  [["LIMIT", 11]]
  ↳ /Users/Anthony/.rbenv/versions/2.5.1/lib/ruby/gems/2.5.0/gems/activerecord-5.2.8/lib/active_record/log_subscriber.rb:98
Started GET "/cats" for ::1 at 2022-07-02 12:22:14 -0400
Processing by CatsController#index as HTML
Completed 500 Internal Server Error in 10ms (ActiveRecord: 0.0ms)



ActionView::MissingTemplate - Missing template cats/index, application/index with {:locale=>[:en], :formats=>[:html], :variants=>[], :handlers=>[:raw, :erb, :html, :builder, :ruby, :coffee, :jbuilder]}. Searched in:
  * "/Users/Anthony/Desktop/App Academy/Week 6/W6D5/ninetyninecats/app/views":
  app/controllers/cats_controller.rb:5:in `index'

Started POST "/__better_errors/32eecef567f08719/variables" for ::1 at 2022-07-02 12:22:15 -0400
  [1m[36mCat Load (0.3ms)[0m  [1m[34mSELECT  "cats".* FROM "cats" LIMIT $1[0m  [["LIMIT", 11]]
  ↳ /Users/Anthony/.rbenv/versions/2.5.1/lib/ruby/gems/2.5.0/gems/activerecord-5.2.8/lib/active_record/log_subscriber.rb:98
Started GET "/cat" for ::1 at 2022-07-02 12:23:14 -0400
  
ActionController::RoutingError (No route matches [GET] "/cat"):
  
actionpack (5.2.8) lib/action_dispatch/middleware/debug_exceptions.rb:65:in `call'
web-console (3.7.0) lib/web_console/middleware.rb:135:in `call_app'
web-console (3.7.0) lib/web_console/middleware.rb:30:in `block in call'
web-console (3.7.0) lib/web_console/middleware.rb:20:in `catch'
web-console (3.7.0) lib/web_console/middleware.rb:20:in `call'
actionpack (5.2.8) lib/action_dispatch/middleware/show_exceptions.rb:33:in `call'
railties (5.2.8) lib/rails/rack/logger.rb:38:in `call_app'
railties (5.2.8) lib/rails/rack/logger.rb:26:in `block in call'
activesupport (5.2.8) lib/active_support/tagged_logging.rb:71:in `block in tagged'
activesupport (5.2.8) lib/active_support/tagged_logging.rb:28:in `tagged'
activesupport (5.2.8) lib/active_support/tagged_logging.rb:71:in `tagged'
railties (5.2.8) lib/rails/rack/logger.rb:26:in `call'
sprockets-rails (3.4.2) lib/sprockets/rails/quiet_assets.rb:13:in `call'
actionpack (5.2.8) lib/action_dispatch/middleware/remote_ip.rb:81:in `call'
actionpack (5.2.8) lib/action_dispatch/middleware/request_id.rb:27:in `call'
rack (2.2.4) lib/rack/method_override.rb:24:in `call'
rack (2.2.4) lib/rack/runtime.rb:22:in `call'
activesupport (5.2.8) lib/active_support/cache/strategy/local_cache_middleware.rb:29:in `call'
actionpack (5.2.8) lib/action_dispatch/middleware/executor.rb:14:in `call'
actionpack (5.2.8) lib/action_dispatch/middleware/static.rb:127:in `call'
rack (2.2.4) lib/rack/sendfile.rb:110:in `call'
railties (5.2.8) lib/rails/engine.rb:524:in `call'
puma (3.12.6) lib/puma/configuration.rb:227:in `call'
puma (3.12.6) lib/puma/server.rb:706:in `handle_request'
puma (3.12.6) lib/puma/server.rb:476:in `process_client'
puma (3.12.6) lib/puma/server.rb:334:in `block in run'
puma (3.12.6) lib/puma/thread_pool.rb:135:in `block in spawn_thread'
Started GET "/cats" for ::1 at 2022-07-02 12:23:18 -0400
Processing by CatsController#index as HTML
Completed 500 Internal Server Error in 12ms (ActiveRecord: 0.0ms)



ActionView::MissingTemplate - Missing template cats/index, application/index with {:locale=>[:en], :formats=>[:html], :variants=>[], :handlers=>[:raw, :erb, :html, :builder, :ruby, :coffee, :jbuilder]}. Searched in:
  * "/Users/Anthony/Desktop/App Academy/Week 6/W6D5/ninetyninecats/app/views":
  app/controllers/cats_controller.rb:5:in `index'

Started POST "/__better_errors/94bf2bad079b8417/variables" for ::1 at 2022-07-02 12:23:18 -0400
  [1m[36mCat Load (2.7ms)[0m  [1m[34mSELECT  "cats".* FROM "cats" LIMIT $1[0m  [["LIMIT", 11]]
  ↳ /Users/Anthony/.rbenv/versions/2.5.1/lib/ruby/gems/2.5.0/gems/activerecord-5.2.8/lib/active_record/log_subscriber.rb:98
Started GET "/cats" for ::1 at 2022-07-02 12:23:48 -0400
Processing by CatsController#index as HTML
Completed 500 Internal Server Error in 8ms (ActiveRecord: 0.0ms)



ActionView::MissingTemplate - Missing template cats/index, application/index with {:locale=>[:en], :formats=>[:html], :variants=>[], :handlers=>[:raw, :erb, :html, :builder, :ruby, :coffee, :jbuilder]}. Searched in:
  * "/Users/Anthony/Desktop/App Academy/Week 6/W6D5/ninetyninecats/app/views":
  app/controllers/cats_controller.rb:5:in `index'

Started POST "/__better_errors/3bda0c381338a5ce/variables" for ::1 at 2022-07-02 12:23:48 -0400
  [1m[36mCat Load (0.4ms)[0m  [1m[34mSELECT  "cats".* FROM "cats" LIMIT $1[0m  [["LIMIT", 11]]
  ↳ /Users/Anthony/.rbenv/versions/2.5.1/lib/ruby/gems/2.5.0/gems/activerecord-5.2.8/lib/active_record/log_subscriber.rb:98
Started GET "/cats" for ::1 at 2022-07-02 12:24:14 -0400
Processing by CatsController#index as HTML
Completed 500 Internal Server Error in 10ms (ActiveRecord: 0.0ms)



ActionView::MissingTemplate - Missing template cats/index, application/index with {:locale=>[:en], :formats=>[:html], :variants=>[], :handlers=>[:raw, :erb, :html, :builder, :ruby, :coffee, :jbuilder]}. Searched in:
  * "/Users/Anthony/Desktop/App Academy/Week 6/W6D5/ninetyninecats/app/views":
  app/controllers/cats_controller.rb:5:in `index'

Started POST "/__better_errors/fdb111bf8ddbae3a/variables" for ::1 at 2022-07-02 12:24:14 -0400
  [1m[36mCat Load (0.4ms)[0m  [1m[34mSELECT  "cats".* FROM "cats" LIMIT $1[0m  [["LIMIT", 11]]
  ↳ /Users/Anthony/.rbenv/versions/2.5.1/lib/ruby/gems/2.5.0/gems/activerecord-5.2.8/lib/active_record/log_subscriber.rb:98
Started GET "/cats" for ::1 at 2022-07-02 12:25:06 -0400
Processing by CatsController#index as HTML
  Rendering cats/index.html.erb within layouts/application
  [1m[36mCat Load (25.0ms)[0m  [1m[34mSELECT "cats".* FROM "cats"[0m
  ↳ app/views/cats/index.html.erb:4
  Rendered cats/index.html.erb within layouts/application (26.9ms)
Completed 200 OK in 660ms (Views: 634.8ms | ActiveRecord: 25.0ms)


Started GET "/cats" for ::1 at 2022-07-02 12:25:33 -0400
Processing by CatsController#index as HTML
  Rendering cats/index.html.erb within layouts/application
  [1m[36mCat Load (81.4ms)[0m  [1m[34mSELECT "cats".* FROM "cats"[0m
  ↳ app/views/cats/index.html.erb:4
  Rendered cats/index.html.erb within layouts/application (83.4ms)
Completed 200 OK in 134ms (Views: 52.3ms | ActiveRecord: 81.4ms)


Started GET "/cats" for ::1 at 2022-07-02 12:28:57 -0400
Processing by CatsController#index as HTML
  Rendering cats/index.html.erb within layouts/application
  [1m[36mCat Load (14.0ms)[0m  [1m[34mSELECT "cats".* FROM "cats"[0m
  ↳ app/views/cats/index.html.erb:4
  Rendered cats/index.html.erb within layouts/application (15.7ms)
Completed 200 OK in 49ms (Views: 34.8ms | ActiveRecord: 14.0ms)


Started GET "/cats" for ::1 at 2022-07-02 12:28:57 -0400
Processing by CatsController#index as HTML
  Rendering cats/index.html.erb within layouts/application
  [1m[36mCat Load (2.1ms)[0m  [1m[34mSELECT "cats".* FROM "cats"[0m
  ↳ app/views/cats/index.html.erb:4
  Rendered cats/index.html.erb within layouts/application (3.9ms)
Completed 200 OK in 36ms (Views: 33.5ms | ActiveRecord: 2.1ms)


Started GET "/cats/1" for ::1 at 2022-07-02 12:28:59 -0400
Processing by CatsController#show as HTML
  Parameters: {"id"=>"1"}
  [1m[36mCat Load (5.6ms)[0m  [1m[34mSELECT  "cats".* FROM "cats" WHERE "cats"."id" = $1 LIMIT $2[0m  [["id", 1], ["LIMIT", 1]]
  ↳ app/controllers/cats_controller.rb:9
  Rendering cats/show.html.erb within layouts/application
  [1m[36mCat Load (2.0ms)[0m  [1m[34mSELECT  "cats".* FROM "cats" LIMIT $1[0m  [["LIMIT", 11]]
  ↳ app/controllers/cats_controller.rb:10
  [1m[36mCACHE Cat Load (0.0ms)[0m  [1m[34mSELECT  "cats".* FROM "cats" LIMIT $1[0m  [["LIMIT", 11]]
  ↳ app/controllers/cats_controller.rb:10
  [1m[36mCACHE Cat Load (0.0ms)[0m  [1m[34mSELECT  "cats".* FROM "cats" LIMIT $1[0m  [["LIMIT", 11]]
  ↳ app/controllers/cats_controller.rb:10
  [1m[36mCACHE Cat Load (0.0ms)[0m  [1m[34mSELECT  "cats".* FROM "cats" LIMIT $1[0m  [["LIMIT", 11]]
  ↳ app/controllers/cats_controller.rb:10
  [1m[36mCACHE Cat Load (0.0ms)[0m  [1m[34mSELECT  "cats".* FROM "cats" LIMIT $1[0m  [["LIMIT", 11]]
  ↳ app/controllers/cats_controller.rb:10
  [1m[36mCACHE Cat Load (0.0ms)[0m  [1m[34mSELECT  "cats".* FROM "cats" LIMIT $1[0m  [["LIMIT", 11]]
  ↳ app/controllers/cats_controller.rb:10
  [1m[36mCACHE Cat Load (0.0ms)[0m  [1m[34mSELECT  "cats".* FROM "cats" LIMIT $1[0m  [["LIMIT", 11]]
  ↳ app/controllers/cats_controller.rb:10
  [1m[36mCACHE Cat Load (1.6ms)[0m  [1m[34mSELECT  "cats".* FROM "cats" LIMIT $1[0m  [["LIMIT", 11]]
  ↳ app/controllers/cats_controller.rb:10
  [1m[36mCACHE Cat Load (0.0ms)[0m  [1m[34mSELECT  "cats".* FROM "cats" LIMIT $1[0m  [["LIMIT", 11]]
  ↳ app/controllers/cats_controller.rb:10
  [1m[36mCACHE Cat Load (0.0ms)[0m  [1m[34mSELECT  "cats".* FROM "cats" LIMIT $1[0m  [["LIMIT", 11]]
  ↳ app/controllers/cats_controller.rb:10
  [1m[36mCACHE Cat Load (0.0ms)[0m  [1m[34mSELECT  "cats".* FROM "cats" LIMIT $1[0m  [["LIMIT", 11]]
  ↳ app/controllers/cats_controller.rb:10
  [1m[36mCACHE Cat Load (0.0ms)[0m  [1m[34mSELECT  "cats".* FROM "cats" LIMIT $1[0m  [["LIMIT", 11]]
  ↳ app/controllers/cats_controller.rb:10
  Rendered cats/show.html.erb within layouts/application (695.3ms)
Completed 500 Internal Server Error in 765ms (ActiveRecord: 9.3ms)


  [1m[36mCACHE Cat Load (0.0ms)[0m  [1m[34mSELECT  "cats".* FROM "cats" LIMIT $1[0m  [["LIMIT", 11]]
  ↳ /Users/Anthony/.rbenv/versions/2.5.1/lib/ruby/gems/2.5.0/gems/activerecord-5.2.8/lib/active_record/log_subscriber.rb:98
  [1m[36mCACHE Cat Load (0.0ms)[0m  [1m[34mSELECT  "cats".* FROM "cats" LIMIT $1[0m  [["LIMIT", 11]]
  ↳ /Users/Anthony/.rbenv/versions/2.5.1/lib/ruby/gems/2.5.0/gems/activerecord-5.2.8/lib/active_record/log_subscriber.rb:98
  [1m[36mCACHE Cat Load (0.0ms)[0m  [1m[34mSELECT  "cats".* FROM "cats" LIMIT $1[0m  [["LIMIT", 11]]
  ↳ /Users/Anthony/.rbenv/versions/2.5.1/lib/ruby/gems/2.5.0/gems/activerecord-5.2.8/lib/active_record/log_subscriber.rb:98
  [1m[36mCACHE Cat Load (0.0ms)[0m  [1m[34mSELECT  "cats".* FROM "cats" LIMIT $1[0m  [["LIMIT", 11]]
  ↳ /Users/Anthony/.rbenv/versions/2.5.1/lib/ruby/gems/2.5.0/gems/activerecord-5.2.8/lib/active_record/log_subscriber.rb:98
  [1m[36mCACHE Cat Load (0.0ms)[0m  [1m[34mSELECT  "cats".* FROM "cats" LIMIT $1[0m  [["LIMIT", 11]]
  ↳ /Users/Anthony/.rbenv/versions/2.5.1/lib/ruby/gems/2.5.0/gems/activerecord-5.2.8/lib/active_record/log_subscriber.rb:98
  [1m[36mCACHE Cat Load (0.0ms)[0m  [1m[34mSELECT  "cats".* FROM "cats" LIMIT $1[0m  [["LIMIT", 11]]
  ↳ /Users/Anthony/.rbenv/versions/2.5.1/lib/ruby/gems/2.5.0/gems/activerecord-5.2.8/lib/active_record/log_subscriber.rb:98
  [1m[36mCACHE Cat Load (0.0ms)[0m  [1m[34mSELECT  "cats".* FROM "cats" LIMIT $1[0m  [["LIMIT", 11]]
  ↳ /Users/Anthony/.rbenv/versions/2.5.1/lib/ruby/gems/2.5.0/gems/activerecord-5.2.8/lib/active_record/log_subscriber.rb:98
  [1m[36mCACHE Cat Load (0.0ms)[0m  [1m[34mSELECT  "cats".* FROM "cats" LIMIT $1[0m  [["LIMIT", 11]]
  ↳ /Users/Anthony/.rbenv/versions/2.5.1/lib/ruby/gems/2.5.0/gems/activerecord-5.2.8/lib/active_record/log_subscriber.rb:98
  [1m[36mCACHE Cat Load (0.0ms)[0m  [1m[34mSELECT  "cats".* FROM "cats" LIMIT $1[0m  [["LIMIT", 11]]
  ↳ /Users/Anthony/.rbenv/versions/2.5.1/lib/ruby/gems/2.5.0/gems/activerecord-5.2.8/lib/active_record/log_subscriber.rb:98
  [1m[36mCACHE Cat Load (0.0ms)[0m  [1m[34mSELECT  "cats".* FROM "cats" LIMIT $1[0m  [["LIMIT", 11]]
  ↳ /Users/Anthony/.rbenv/versions/2.5.1/lib/ruby/gems/2.5.0/gems/activerecord-5.2.8/lib/active_record/log_subscriber.rb:98
  [1m[36mCACHE Cat Load (0.0ms)[0m  [1m[34mSELECT  "cats".* FROM "cats" LIMIT $1[0m  [["LIMIT", 11]]
  ↳ /Users/Anthony/.rbenv/versions/2.5.1/lib/ruby/gems/2.5.0/gems/activerecord-5.2.8/lib/active_record/log_subscriber.rb:98
  [1m[36mCACHE Cat Load (0.0ms)[0m  [1m[34mSELECT  "cats".* FROM "cats" LIMIT $1[0m  [["LIMIT", 11]]
  ↳ /Users/Anthony/.rbenv/versions/2.5.1/lib/ruby/gems/2.5.0/gems/activerecord-5.2.8/lib/active_record/log_subscriber.rb:98

NameError - undefined local variable or method `cat' for #<#<Class:0x00007ff8642853e8>:0x00007ff867bf3558>
Did you mean?  @cat:
  app/views/cats/show.html.erb:4:in `_app_views_cats_show_html_erb__4110933301128008068_70352434598200'
  app/controllers/cats_controller.rb:10:in `show'

Started POST "/__better_errors/4e5243ec67e67ece/variables" for ::1 at 2022-07-02 12:29:01 -0400
Started GET "/cats/1" for ::1 at 2022-07-02 12:29:24 -0400

SyntaxError - syntax error, unexpected '}', expecting =>
...= Cat.find_by(id: {params[:id]})
...                              ^:
  app/controllers/cats_controller.rb:9:in `'

Started POST "/__better_errors/a8597cee557d11e0/variables" for ::1 at 2022-07-02 12:29:24 -0400
Started GET "/cats/1" for ::1 at 2022-07-02 12:29:40 -0400

SyntaxError - syntax error, unexpected '}', expecting =>
... = Cat.find_by(id: {param[:id]})
...                              ^:
  app/controllers/cats_controller.rb:9:in `'

Started POST "/__better_errors/7164e88bcc3bc7a3/variables" for ::1 at 2022-07-02 12:29:41 -0400
Started GET "/cats/1" for ::1 at 2022-07-02 12:29:53 -0400
Processing by CatsController#show as HTML
  Parameters: {"id"=>"1"}
  [1m[36mCat Load (0.4ms)[0m  [1m[34mSELECT  "cats".* FROM "cats" WHERE "cats"."id" = $1 LIMIT $2[0m  [["id", nil], ["LIMIT", 1]]
  ↳ app/controllers/cats_controller.rb:9
Completed 404 Not Found in 76ms (ActiveRecord: 67.5ms)



ActiveRecord::RecordNotFound - Couldn't find Cat with 'id'={:id=>"1"}:
  app/controllers/cats_controller.rb:9:in `show'

Started POST "/__better_errors/a0126a2eb437357d/variables" for ::1 at 2022-07-02 12:29:53 -0400
Started GET "/cats/1" for ::1 at 2022-07-02 12:30:01 -0400
Processing by CatsController#show as HTML
  Parameters: {"id"=>"1"}
  [1m[36mCat Load (0.3ms)[0m  [1m[34mSELECT  "cats".* FROM "cats" WHERE "cats"."id" = $1 LIMIT $2[0m  [["id", 1], ["LIMIT", 1]]
  ↳ app/controllers/cats_controller.rb:9
  Rendering cats/show.html.erb within layouts/application
  Rendered cats/show.html.erb within layouts/application (434.7ms)
Completed 500 Internal Server Error in 496ms (ActiveRecord: 27.9ms)



NameError - undefined local variable or method `cat' for #<#<Class:0x00007ff867d1a710>:0x00007ff867d18938>
Did you mean?  @cat:
  app/views/cats/show.html.erb:4:in `_app_views_cats_show_html_erb__4110933301128008068_70352435189980'
  app/controllers/cats_controller.rb:10:in `show'

Started POST "/__better_errors/8c4142f71f5da094/variables" for ::1 at 2022-07-02 12:30:02 -0400
Started GET "/cats/1" for ::1 at 2022-07-02 12:30:45 -0400

SyntaxError - syntax error, unexpected '}', expecting =>
...= Cat.find_by(id: {params[:id]})
...                              ^:
  app/controllers/cats_controller.rb:9:in `'

Started POST "/__better_errors/fd7735f7954f9cac/variables" for ::1 at 2022-07-02 12:30:45 -0400
Started GET "/cats/1" for ::1 at 2022-07-02 12:30:47 -0400

SyntaxError - syntax error, unexpected '}', expecting =>
...= Cat.find_by(id: {params[:id]})
...                              ^:
  app/controllers/cats_controller.rb:9:in `'

Started POST "/__better_errors/442fe90d27caf559/variables" for ::1 at 2022-07-02 12:30:47 -0400
Started GET "/cats/1" for ::1 at 2022-07-02 12:30:59 -0400
Processing by CatsController#show as HTML
  Parameters: {"id"=>"1"}
  [1m[36mCat Load (1.0ms)[0m  [1m[34mSELECT  "cats".* FROM "cats" WHERE "cats"."id" = $1 LIMIT $2[0m  [["id", 1], ["LIMIT", 1]]
  ↳ app/controllers/cats_controller.rb:9
  Rendering cats/show.html.erb within layouts/application
  Rendered cats/show.html.erb within layouts/application (52.0ms)
Completed 200 OK in 169ms (Views: 151.6ms | ActiveRecord: 4.6ms)


Started GET "/cats/2" for ::1 at 2022-07-02 12:31:08 -0400
Processing by CatsController#show as HTML
  Parameters: {"id"=>"2"}
  [1m[36mCat Load (3.8ms)[0m  [1m[34mSELECT  "cats".* FROM "cats" WHERE "cats"."id" = $1 LIMIT $2[0m  [["id", 2], ["LIMIT", 1]]
  ↳ app/controllers/cats_controller.rb:9
  Rendering cats/show.html.erb within layouts/application
  Rendered cats/show.html.erb within layouts/application (0.7ms)
Completed 200 OK in 42ms (Views: 36.7ms | ActiveRecord: 3.8ms)


Started GET "/cats" for ::1 at 2022-07-02 12:31:10 -0400
Processing by CatsController#index as HTML
  Rendering cats/index.html.erb within layouts/application
  [1m[36mCat Load (35.1ms)[0m  [1m[34mSELECT "cats".* FROM "cats"[0m
  ↳ app/views/cats/index.html.erb:4
  Rendered cats/index.html.erb within layouts/application (37.1ms)
Completed 200 OK in 85ms (Views: 49.7ms | ActiveRecord: 35.1ms)


Started GET "/cats" for ::1 at 2022-07-02 12:34:38 -0400
Processing by CatsController#index as HTML
  Rendering cats/index.html.erb within layouts/application
  [1m[36mCat Load (34.1ms)[0m  [1m[34mSELECT "cats".* FROM "cats"[0m
  ↳ app/views/cats/index.html.erb:4
  Rendered cats/index.html.erb within layouts/application (36.5ms)
Completed 200 OK in 131ms (Views: 96.5ms | ActiveRecord: 34.1ms)


Started GET "/cats" for ::1 at 2022-07-02 12:34:39 -0400
Processing by CatsController#index as HTML
  Rendering cats/index.html.erb within layouts/application
  [1m[36mCat Load (9.6ms)[0m  [1m[34mSELECT "cats".* FROM "cats"[0m
  ↳ app/views/cats/index.html.erb:4
  Rendered cats/index.html.erb within layouts/application (13.8ms)
Completed 200 OK in 69ms (Views: 59.2ms | ActiveRecord: 9.6ms)


Started GET "/cats" for ::1 at 2022-07-02 12:35:19 -0400
Processing by CatsController#index as HTML
  Rendering cats/index.html.erb within layouts/application
  [1m[36mCat Load (6.6ms)[0m  [1m[34mSELECT "cats".* FROM "cats"[0m
  ↳ app/views/cats/index.html.erb:4
  Rendered cats/index.html.erb within layouts/application (8.4ms)
Completed 200 OK in 43ms (Views: 35.5ms | ActiveRecord: 6.6ms)


Started GET "/cats.1" for ::1 at 2022-07-02 12:35:21 -0400
Processing by CatsController#index as 
  Rendering cats/index.html.erb within layouts/application
  [1m[36mCat Load (1.2ms)[0m  [1m[34mSELECT "cats".* FROM "cats"[0m
  ↳ app/views/cats/index.html.erb:4
  Rendered cats/index.html.erb within layouts/application (15.6ms)
Completed 200 OK in 133ms (Views: 131.2ms | ActiveRecord: 1.2ms)


Started GET "/cats.1" for ::1 at 2022-07-02 12:35:22 -0400
Processing by CatsController#index as 
  Rendering cats/index.html.erb within layouts/application
  [1m[36mCat Load (0.3ms)[0m  [1m[34mSELECT "cats".* FROM "cats"[0m
  ↳ app/views/cats/index.html.erb:4
  Rendered cats/index.html.erb within layouts/application (5.8ms)
Completed 200 OK in 135ms (Views: 134.0ms | ActiveRecord: 0.3ms)


Started GET "/cats.1" for ::1 at 2022-07-02 12:35:32 -0400
Processing by CatsController#index as 
  Rendering cats/index.html.erb within layouts/application
  [1m[36mCat Load (5.3ms)[0m  [1m[34mSELECT "cats".* FROM "cats"[0m
  ↳ app/views/cats/index.html.erb:4
  Rendered cats/index.html.erb within layouts/application (7.7ms)
Completed 200 OK in 101ms (Views: 95.1ms | ActiveRecord: 5.3ms)


Started GET "/cats.1" for ::1 at 2022-07-02 12:35:33 -0400
Processing by CatsController#index as 
  Rendering cats/index.html.erb within layouts/application
  [1m[36mCat Load (0.6ms)[0m  [1m[34mSELECT "cats".* FROM "cats"[0m
  ↳ app/views/cats/index.html.erb:4
  Rendered cats/index.html.erb within layouts/application (4.2ms)
Completed 200 OK in 255ms (Views: 253.9ms | ActiveRecord: 0.6ms)


Started GET "/cats.1" for ::1 at 2022-07-02 12:35:39 -0400
Processing by CatsController#index as 
  Rendering cats/index.html.erb within layouts/application
  [1m[36mCat Load (0.3ms)[0m  [1m[34mSELECT "cats".* FROM "cats"[0m
  ↳ app/views/cats/index.html.erb:4
  Rendered cats/index.html.erb within layouts/application (3.3ms)
Completed 200 OK in 126ms (Views: 125.6ms | ActiveRecord: 0.3ms)


Started GET "/cats/1" for ::1 at 2022-07-02 12:35:42 -0400
Processing by CatsController#show as HTML
  Parameters: {"id"=>"1"}
  [1m[36mCat Load (1.5ms)[0m  [1m[34mSELECT  "cats".* FROM "cats" WHERE "cats"."id" = $1 LIMIT $2[0m  [["id", 1], ["LIMIT", 1]]
  ↳ app/controllers/cats_controller.rb:9
  Rendering cats/show.html.erb within layouts/application
  Rendered cats/show.html.erb within layouts/application (0.8ms)
Completed 200 OK in 86ms (Views: 82.6ms | ActiveRecord: 1.5ms)


Started GET "/cats" for ::1 at 2022-07-02 12:35:44 -0400
Processing by CatsController#index as HTML
  Rendering cats/index.html.erb within layouts/application
  [1m[36mCat Load (19.3ms)[0m  [1m[34mSELECT "cats".* FROM "cats"[0m
  ↳ app/views/cats/index.html.erb:4
  Rendered cats/index.html.erb within layouts/application (21.3ms)
Completed 200 OK in 110ms (Views: 90.1ms | ActiveRecord: 19.3ms)


Started GET "/cats" for ::1 at 2022-07-02 12:35:51 -0400
Processing by CatsController#index as HTML
  Rendering cats/index.html.erb within layouts/application
  [1m[36mCat Load (5.5ms)[0m  [1m[34mSELECT "cats".* FROM "cats"[0m
  ↳ app/views/cats/index.html.erb:4
  Rendered cats/index.html.erb within layouts/application (7.9ms)
Completed 200 OK in 42ms (Views: 35.7ms | ActiveRecord: 5.5ms)


Started GET "/cats/1" for ::1 at 2022-07-02 12:35:51 -0400
Processing by CatsController#show as HTML
  Parameters: {"id"=>"1"}
  [1m[36mCat Load (1.0ms)[0m  [1m[34mSELECT  "cats".* FROM "cats" WHERE "cats"."id" = $1 LIMIT $2[0m  [["id", 1], ["LIMIT", 1]]
  ↳ app/controllers/cats_controller.rb:9
  Rendering cats/show.html.erb within layouts/application
  Rendered cats/show.html.erb within layouts/application (0.7ms)
Completed 200 OK in 38ms (Views: 36.1ms | ActiveRecord: 1.0ms)


Started GET "/cats/1" for ::1 at 2022-07-02 12:35:53 -0400
Processing by CatsController#show as HTML
  Parameters: {"id"=>"1"}
  [1m[36mCat Load (2.8ms)[0m  [1m[34mSELECT  "cats".* FROM "cats" WHERE "cats"."id" = $1 LIMIT $2[0m  [["id", 1], ["LIMIT", 1]]
  ↳ app/controllers/cats_controller.rb:9
  Rendering cats/show.html.erb within layouts/application
  Rendered cats/show.html.erb within layouts/application (1.5ms)
Completed 200 OK in 37ms (Views: 32.5ms | ActiveRecord: 2.8ms)


Started GET "/cats" for ::1 at 2022-07-02 12:42:14 -0400
Processing by CatsController#index as HTML
  Rendering cats/index.html.erb within layouts/application
  [1m[36mCat Load (80.5ms)[0m  [1m[34mSELECT "cats".* FROM "cats"[0m
  ↳ app/views/cats/index.html.erb:4
  Rendered cats/index.html.erb within layouts/application (105.2ms)
Completed 200 OK in 170ms (Views: 71.3ms | ActiveRecord: 94.5ms)


Started GET "/cats/new" for ::1 at 2022-07-02 12:42:16 -0400
Processing by CatsController#new as HTML
  Rendering cats/new.html.erb within layouts/application
  Rendered cats/new.html.erb within layouts/application (0.3ms)
Completed 200 OK in 85ms (Views: 84.3ms | ActiveRecord: 0.0ms)


Started GET "/cats/new" for ::1 at 2022-07-02 13:22:26 -0400
Processing by CatsController#new as HTML
  Rendering cats/new.html.erb within layouts/application
  Rendered cats/new.html.erb within layouts/application (0.4ms)
Completed 200 OK in 91ms (Views: 90.8ms | ActiveRecord: 0.0ms)


Started GET "/cats/new" for ::1 at 2022-07-02 13:22:26 -0400
Processing by CatsController#new as HTML
  Rendering cats/new.html.erb within layouts/application
  Rendered cats/new.html.erb within layouts/application (0.3ms)
Completed 200 OK in 36ms (Views: 35.2ms | ActiveRecord: 0.0ms)


Started GET "/cats/new" for ::1 at 2022-07-02 13:22:58 -0400
Processing by CatsController#new as HTML
  Rendering cats/new.html.erb within layouts/application
  Rendered cats/new.html.erb within layouts/application (0.6ms)
Completed 200 OK in 51ms (Views: 49.9ms | ActiveRecord: 0.0ms)


Started GET "/cats/new" for ::1 at 2022-07-02 13:23:48 -0400
Processing by CatsController#new as HTML
  Rendering cats/new.html.erb within layouts/application
  Rendered cats/_form.html.erb (1.1ms)
  Rendered cats/new.html.erb within layouts/application (8.5ms)
Completed 500 Internal Server Error in 27ms (ActiveRecord: 0.0ms)



SyntaxError - syntax error, unexpected '<'
...reeze;@output_buffer.append=( <input type="submit" name="Cre...
...                              ^
/Users/Anthony/Desktop/App Academy/Week 6/W6D5/ninetyninecats/app/views/cats/_form.html.erb:29: syntax error, unexpected tIDENTIFIER, expecting ')'
...end=( <input type="submit" name="Create cat" id=""> );@outpu...
...                           ^~~~
/Users/Anthony/Desktop/App Academy/Week 6/W6D5/ninetyninecats/app/views/cats/_form.html.erb:29: syntax error, unexpected tIDENTIFIER, expecting ')'
...e="submit" name="Create cat" id=""> );@output_buffer.safe_ap...
...                             ^~
/Users/Anthony/Desktop/App Academy/Week 6/W6D5/ninetyninecats/app/views/cats/_form.html.erb:29: syntax error, unexpected ')'
...mit" name="Create cat" id=""> );@output_buffer.safe_append='
...                              ^
/Users/Anthony/Desktop/App Academy/Week 6/W6D5/ninetyninecats/app/views/cats/_form.html.erb:30: syntax error, unexpected keyword_else, expecting ')'
'.freeze;     else 
              ^~~~
/Users/Anthony/Desktop/App Academy/Week 6/W6D5/ninetyninecats/app/views/cats/_form.html.erb:31: syntax error, unexpected '<'
...reeze;@output_buffer.append=( <input type="submit" name="Upd...
...                              ^
/Users/Anthony/Desktop/App Academy/Week 6/W6D5/ninetyninecats/app/views/cats/_form.html.erb:31: syntax error, unexpected tIDENTIFIER, expecting ')'
...end=( <input type="submit" name="Update Cat" id=""> );@outpu...
...                           ^~~~
/Users/Anthony/Desktop/App Academy/Week 6/W6D5/ninetyninecats/app/views/cats/_form.html.erb:31: syntax error, unexpected tIDENTIFIER, expecting ')'
...e="submit" name="Update Cat" id=""> );@output_buffer.safe_ap...
...                             ^~
/Users/Anthony/Desktop/App Academy/Week 6/W6D5/ninetyninecats/app/views/cats/_form.html.erb:31: syntax error, unexpected ')'
...mit" name="Update Cat" id=""> );@output_buffer.safe_append='
...                              ^
/Users/Anthony/Desktop/App Academy/Week 6/W6D5/ninetyninecats/app/views/cats/_form.html.erb:32: syntax error, unexpected keyword_end, expecting ')'
'.freeze;     end 
              ^~~
/Users/Anthony/Desktop/App Academy/Week 6/W6D5/ninetyninecats/app/views/cats/_form.html.erb:36: syntax error, unexpected keyword_ensure, expecting ')'
          ensure
          ^~~~~~
/Users/Anthony/Desktop/App Academy/Week 6/W6D5/ninetyninecats/app/views/cats/_form.html.erb:38: syntax error, unexpected keyword_end, expecting ')'
          end
          ^~~:
  app/views/cats/_form.html.erb:29:in `'
  app/views/cats/new.html.erb:1:in `_app_views_cats_new_html_erb__2684351288097997592_70352390008360'
  app/controllers/cats_controller.rb:14:in `new'

Started POST "/__better_errors/6dcd9046d83ba8c7/variables" for ::1 at 2022-07-02 13:23:48 -0400
Started GET "/cats/new" for ::1 at 2022-07-02 15:13:14 -0400
Processing by CatsController#new as HTML
  Rendering cats/new.html.erb within layouts/application
  Rendered cats/_form.html.erb (1.5ms)
  Rendered cats/new.html.erb within layouts/application (5.8ms)
Completed 500 Internal Server Error in 18ms (ActiveRecord: 0.0ms)



SyntaxError - syntax error, unexpected '<'
...reeze;@output_buffer.append=( <input type="submit" name="Cre...
...                              ^
/Users/Anthony/Desktop/App Academy/Week 6/W6D5/ninetyninecats/app/views/cats/_form.html.erb:29: syntax error, unexpected tIDENTIFIER, expecting ')'
...end=( <input type="submit" name="Create cat"> );@output_buff...
...                           ^~~~
/Users/Anthony/Desktop/App Academy/Week 6/W6D5/ninetyninecats/app/views/cats/_form.html.erb:29: syntax error, unexpected ')'
...e="submit" name="Create cat"> );@output_buffer.safe_append='
...                              ^
/Users/Anthony/Desktop/App Academy/Week 6/W6D5/ninetyninecats/app/views/cats/_form.html.erb:30: syntax error, unexpected keyword_else, expecting ')'
'.freeze;     else 
              ^~~~
/Users/Anthony/Desktop/App Academy/Week 6/W6D5/ninetyninecats/app/views/cats/_form.html.erb:31: syntax error, unexpected '<'
...reeze;@output_buffer.append=( <input type="submit" name="Upd...
...                              ^
/Users/Anthony/Desktop/App Academy/Week 6/W6D5/ninetyninecats/app/views/cats/_form.html.erb:31: syntax error, unexpected tIDENTIFIER, expecting ')'
...end=( <input type="submit" name="Update Cat"> );@output_buff...
...                           ^~~~
/Users/Anthony/Desktop/App Academy/Week 6/W6D5/ninetyninecats/app/views/cats/_form.html.erb:31: syntax error, unexpected ')'
...e="submit" name="Update Cat"> );@output_buffer.safe_append='
...                              ^
/Users/Anthony/Desktop/App Academy/Week 6/W6D5/ninetyninecats/app/views/cats/_form.html.erb:32: syntax error, unexpected keyword_end, expecting ')'
'.freeze;     end 
              ^~~
/Users/Anthony/Desktop/App Academy/Week 6/W6D5/ninetyninecats/app/views/cats/_form.html.erb:36: syntax error, unexpected keyword_ensure, expecting ')'
          ensure
          ^~~~~~
/Users/Anthony/Desktop/App Academy/Week 6/W6D5/ninetyninecats/app/views/cats/_form.html.erb:38: syntax error, unexpected keyword_end, expecting ')'
          end
          ^~~:
  app/views/cats/_form.html.erb:29:in `'
  app/views/cats/new.html.erb:1:in `_app_views_cats_new_html_erb__2684351288097997592_70352443408860'
  app/controllers/cats_controller.rb:14:in `new'

Started POST "/__better_errors/602a6290a56159b4/variables" for ::1 at 2022-07-02 15:13:15 -0400
